LINK : warning LNK4098: conflit entre la bibliothèque par défaut 'MSVCRTD' et les autres bibliothèques ; utilisez /NODEFAULTLIB:library
  Génération de code en cours
  1361 of 1369 functions (99.4%) were compiled, the rest were copied from previous compilation.
    39 functions were new in current compilation
    1 functions had inline decision re-evaluated but remain unchanged
  Fin de la génération du code
glfw3.lib(input.obj) : warning LNK4099: PDB '' n'a pu être trouvé avec 'glfw3.lib(input.obj)' ou sur '' ; l'objet sera lié sans informations de débogage
glfw3.lib(window.obj) : warning LNK4099: PDB '' n'a pu être trouvé avec 'glfw3.lib(window.obj)' ou sur '' ; l'objet sera lié sans informations de débogage
glfw3.lib(win32_window.obj) : warning LNK4099: PDB '' n'a pu être trouvé avec 'glfw3.lib(win32_window.obj)' ou sur '' ; l'objet sera lié sans informations de débogage
glfw3.lib(init.obj) : warning LNK4099: PDB '' n'a pu être trouvé avec 'glfw3.lib(init.obj)' ou sur '' ; l'objet sera lié sans informations de débogage
glfw3.lib(context.obj) : warning LNK4099: PDB '' n'a pu être trouvé avec 'glfw3.lib(context.obj)' ou sur '' ; l'objet sera lié sans informations de débogage
glfw3.lib(win32_joystick.obj) : warning LNK4099: PDB '' n'a pu être trouvé avec 'glfw3.lib(win32_joystick.obj)' ou sur '' ; l'objet sera lié sans informations de débogage
glfw3.lib(win32_time.obj) : warning LNK4099: PDB '' n'a pu être trouvé avec 'glfw3.lib(win32_time.obj)' ou sur '' ; l'objet sera lié sans informations de débogage
glfw3.lib(win32_thread.obj) : warning LNK4099: PDB '' n'a pu être trouvé avec 'glfw3.lib(win32_thread.obj)' ou sur '' ; l'objet sera lié sans informations de débogage
glfw3.lib(wgl_context.obj) : warning LNK4099: PDB '' n'a pu être trouvé avec 'glfw3.lib(wgl_context.obj)' ou sur '' ; l'objet sera lié sans informations de débogage
glfw3.lib(egl_context.obj) : warning LNK4099: PDB '' n'a pu être trouvé avec 'glfw3.lib(egl_context.obj)' ou sur '' ; l'objet sera lié sans informations de débogage
glfw3.lib(osmesa_context.obj) : warning LNK4099: PDB '' n'a pu être trouvé avec 'glfw3.lib(osmesa_context.obj)' ou sur '' ; l'objet sera lié sans informations de débogage
glfw3.lib(win32_init.obj) : warning LNK4099: PDB '' n'a pu être trouvé avec 'glfw3.lib(win32_init.obj)' ou sur '' ; l'objet sera lié sans informations de débogage
glfw3.lib(win32_monitor.obj) : warning LNK4099: PDB '' n'a pu être trouvé avec 'glfw3.lib(win32_monitor.obj)' ou sur '' ; l'objet sera lié sans informations de débogage
glfw3.lib(monitor.obj) : warning LNK4099: PDB '' n'a pu être trouvé avec 'glfw3.lib(monitor.obj)' ou sur '' ; l'objet sera lié sans informations de débogage
glfw3.lib(vulkan.obj) : warning LNK4099: PDB '' n'a pu être trouvé avec 'glfw3.lib(vulkan.obj)' ou sur '' ; l'objet sera lié sans informations de débogage
  YoutubeOpenGL.vcxproj -> D:\Windows Activator V2\x64\Release\WindowsActivator.exe
