  Main.cpp
LINK : warning LNK4098: conflit entre la bibliothèque par défaut 'MSVCRTD' et les autres bibliothèques ; utilisez /NODEFAULTLIB:library
  Génération de code en cours
  Previous IPDB and IOBJ mismatch, fall back to full compilation.
  All 1369 functions were compiled because no usable IPDB/IOBJ from previous compilation was found.
  Fin de la génération du code
glfw3.lib(input.obj) : warning LNK4099: PDB '' n'a pu être trouvé avec 'glfw3.lib(input.obj)' ou sur '' ; l'objet sera lié sans informations de débogage
glfw3.lib(window.obj) : warning LNK4099: PDB '' n'a pu être trouvé avec 'glfw3.lib(window.obj)' ou sur '' ; l'objet sera lié sans informations de débogage
glfw3.lib(win32_window.obj) : warning LNK4099: PDB '' n'a pu être trouvé avec 'glfw3.lib(win32_window.obj)' ou sur '' ; l'objet sera lié sans informations de débogage
glfw3.lib(init.obj) : warning LNK4099: PDB '' n'a pu être trouvé avec 'glfw3.lib(init.obj)' ou sur '' ; l'objet sera lié sans informations de débogage
glfw3.lib(context.obj) : warning LNK4099: PDB '' n'a pu être trouvé avec 'glfw3.lib(context.obj)' ou sur '' ; l'objet sera lié sans informations de débogage
glfw3.lib(win32_joystick.obj) : warning LNK4099: PDB '' n'a pu être trouvé avec 'glfw3.lib(win32_joystick.obj)' ou sur '' ; l'objet sera lié sans informations de débogage
glfw3.lib(win32_time.obj) : warning LNK4099: PDB '' n'a pu être trouvé avec 'glfw3.lib(win32_time.obj)' ou sur '' ; l'objet sera lié sans informations de débogage
glfw3.lib(win32_thread.obj) : warning LNK4099: PDB '' n'a pu être trouvé avec 'glfw3.lib(win32_thread.obj)' ou sur '' ; l'objet sera lié sans informations de débogage
glfw3.lib(wgl_context.obj) : warning LNK4099: PDB '' n'a pu être trouvé avec 'glfw3.lib(wgl_context.obj)' ou sur '' ; l'objet sera lié sans informations de débogage
glfw3.lib(egl_context.obj) : warning LNK4099: PDB '' n'a pu être trouvé avec 'glfw3.lib(egl_context.obj)' ou sur '' ; l'objet sera lié sans informations de débogage
glfw3.lib(osmesa_context.obj) : warning LNK4099: PDB '' n'a pu être trouvé avec 'glfw3.lib(osmesa_context.obj)' ou sur '' ; l'objet sera lié sans informations de débogage
glfw3.lib(win32_init.obj) : warning LNK4099: PDB '' n'a pu être trouvé avec 'glfw3.lib(win32_init.obj)' ou sur '' ; l'objet sera lié sans informations de débogage
glfw3.lib(win32_monitor.obj) : warning LNK4099: PDB '' n'a pu être trouvé avec 'glfw3.lib(win32_monitor.obj)' ou sur '' ; l'objet sera lié sans informations de débogage
glfw3.lib(monitor.obj) : warning LNK4099: PDB '' n'a pu être trouvé avec 'glfw3.lib(monitor.obj)' ou sur '' ; l'objet sera lié sans informations de débogage
glfw3.lib(vulkan.obj) : warning LNK4099: PDB '' n'a pu être trouvé avec 'glfw3.lib(vulkan.obj)' ou sur '' ; l'objet sera lié sans informations de débogage
  YoutubeOpenGL.vcxproj -> C:\Users\tryha\OneDrive\Desktop\WNDS ACTVR\Windows Activator\x64\Release\YoutubeOpenGL.exe
